SF:lib/di.dart
DA:7,3
DA:10,3
DA:12,2
DA:14,1
DA:16,2
DA:20,1
DA:21,1
DA:23,1
DA:26,1
DA:27,2
DA:30,1
DA:31,2
DA:32,2
DA:33,2
DA:34,0
LF:15
LH:14
end_of_record
SF:lib/main.dart
DA:12,0
DA:13,0
DA:14,0
DA:15,0
DA:16,0
DA:24,2
DA:26,1
DA:27,1
DA:41,0
DA:42,0
DA:43,0
DA:44,0
DA:48,0
DA:49,0
DA:52,0
DA:53,0
DA:54,0
DA:55,0
DA:57,0
DA:61,1
DA:63,1
DA:64,1
DA:65,2
DA:68,0
DA:69,0
DA:70,0
DA:72,0
DA:73,0
DA:74,0
DA:75,0
DA:78,0
DA:79,0
DA:84,1
DA:86,1
DA:87,1
DA:91,1
DA:92,1
DA:93,1
DA:94,3
DA:95,4
DA:96,1
DA:97,1
DA:98,1
DA:99,1
DA:101,1
DA:107,1
DA:108,1
DA:109,4
DA:115,1
DA:116,1
DA:117,2
DA:118,1
DA:119,1
DA:120,1
DA:125,1
DA:127,1
DA:128,1
DA:129,1
DA:130,1
DA:131,4
DA:132,2
DA:133,1
DA:134,3
DA:135,2
DA:210,0
DA:211,0
DA:212,0
DA:213,0
DA:214,0
DA:215,0
DA:219,0
DA:220,0
DA:221,0
DA:222,0
DA:223,0
DA:227,1
DA:229,2
DA:230,1
LF:78
LH:42
end_of_record
SF:lib/hive_constants.dart
DA:2,0
LF:1
LH:0
end_of_record
SF:lib/hive_data_repository.dart
DA:20,1
DA:22,1
DA:24,2
DA:27,1
DA:29,1
DA:32,1
DA:34,1
DA:37,1
DA:39,1
DA:42,0
DA:44,0
DA:51,0
DA:53,0
DA:56,0
DA:57,0
DA:58,0
DA:60,0
DA:63,0
DA:65,0
DA:68,0
DA:72,0
DA:75,0
DA:76,0
DA:78,0
DA:82,0
DA:84,0
DA:86,0
DA:88,0
DA:92,0
DA:94,0
DA:97,0
DA:101,0
DA:104,0
DA:105,0
DA:107,0
DA:111,0
DA:114,0
DA:115,0
DA:116,0
DA:126,0
DA:130,0
DA:132,0
DA:133,0
DA:134,0
DA:135,0
DA:136,0
DA:137,0
DA:138,0
DA:139,0
DA:140,0
DA:141,0
DA:142,0
DA:143,0
LF:53
LH:9
end_of_record
SF:lib/message_bloc.dart
DA:8,2
DA:14,3
DA:16,1
DA:17,2
DA:18,2
DA:21,1
DA:22,2
DA:23,2
DA:24,2
DA:27,1
DA:28,2
DA:29,3
DA:32,1
DA:33,2
LF:14
LH:14
end_of_record
